Analysis & Synthesis report for top_module
Fri Dec 01 15:54:43 2023
Quartus Prime Version 18.0.0 Build 614 04/24/2018 SJ Lite Edition


---------------------
; Table of Contents ;
---------------------
  1. Legal Notice
  2. Analysis & Synthesis Summary
  3. Analysis & Synthesis Settings
  4. Parallel Compilation
  5. Analysis & Synthesis Messages
  6. Analysis & Synthesis Suppressed Messages



----------------
; Legal Notice ;
----------------
Copyright (C) 2018  Intel Corporation. All rights reserved.
Your use of Intel Corporation's design tools, logic functions 
and other software and tools, and its AMPP partner logic 
functions, and any output files from any of the foregoing 
(including device programming or simulation files), and any 
associated documentation or information are expressly subject 
to the terms and conditions of the Intel Program License 
Subscription Agreement, the Intel Quartus Prime License Agreement,
the Intel FPGA IP License Agreement, or other applicable license
agreement, including, without limitation, that your use is for
the sole purpose of programming logic devices manufactured by
Intel and sold by Intel or its authorized distributors.  Please
refer to the applicable agreement for further details.



+---------------------------------------------------------------------------+
; Analysis & Synthesis Summary                                              ;
+-----------------------------+---------------------------------------------+
; Analysis & Synthesis Status ; Failed - Fri Dec 01 15:54:43 2023           ;
; Quartus Prime Version       ; 18.0.0 Build 614 04/24/2018 SJ Lite Edition ;
; Revision Name               ; top_module                                  ;
; Top-level Entity Name       ; top_module                                  ;
; Family                      ; Cyclone V                                   ;
; Logic utilization (in ALMs) ; N/A until Partition Merge                   ;
; Total registers             ; N/A until Partition Merge                   ;
; Total pins                  ; N/A until Partition Merge                   ;
; Total virtual pins          ; N/A until Partition Merge                   ;
; Total block memory bits     ; N/A until Partition Merge                   ;
; Total PLLs                  ; N/A until Partition Merge                   ;
; Total DLLs                  ; N/A until Partition Merge                   ;
+-----------------------------+---------------------------------------------+


+---------------------------------------------------------------------------------------------------------------------------+
; Analysis & Synthesis Settings                                                                                             ;
+---------------------------------------------------------------------------------+--------------------+--------------------+
; Option                                                                          ; Setting            ; Default Value      ;
+---------------------------------------------------------------------------------+--------------------+--------------------+
; Device                                                                          ; 5CSEMA5F31C6       ;                    ;
; Top-level entity name                                                           ; top_module         ; top_module         ;
; Family name                                                                     ; Cyclone V          ; Cyclone V          ;
; Use smart compilation                                                           ; Off                ; Off                ;
; Enable parallel Assembler and Timing Analyzer during compilation                ; On                 ; On                 ;
; Enable compact report table                                                     ; Off                ; Off                ;
; Restructure Multiplexers                                                        ; Auto               ; Auto               ;
; MLAB Add Timing Constraints For Mixed-Port Feed-Through Mode Setting Don't Care ; Off                ; Off                ;
; Create Debugging Nodes for IP Cores                                             ; Off                ; Off                ;
; Preserve fewer node names                                                       ; On                 ; On                 ;
; Intel FPGA IP Evaluation Mode                                                   ; Enable             ; Enable             ;
; Verilog Version                                                                 ; Verilog_2001       ; Verilog_2001       ;
; VHDL Version                                                                    ; VHDL_1993          ; VHDL_1993          ;
; State Machine Processing                                                        ; Auto               ; Auto               ;
; Safe State Machine                                                              ; Off                ; Off                ;
; Extract Verilog State Machines                                                  ; On                 ; On                 ;
; Extract VHDL State Machines                                                     ; On                 ; On                 ;
; Ignore Verilog initial constructs                                               ; Off                ; Off                ;
; Iteration limit for constant Verilog loops                                      ; 5000               ; 5000               ;
; Iteration limit for non-constant Verilog loops                                  ; 250                ; 250                ;
; Add Pass-Through Logic to Inferred RAMs                                         ; On                 ; On                 ;
; Infer RAMs from Raw Logic                                                       ; On                 ; On                 ;
; Parallel Synthesis                                                              ; On                 ; On                 ;
; DSP Block Balancing                                                             ; Auto               ; Auto               ;
; NOT Gate Push-Back                                                              ; On                 ; On                 ;
; Power-Up Don't Care                                                             ; On                 ; On                 ;
; Remove Redundant Logic Cells                                                    ; Off                ; Off                ;
; Remove Duplicate Registers                                                      ; On                 ; On                 ;
; Ignore CARRY Buffers                                                            ; Off                ; Off                ;
; Ignore CASCADE Buffers                                                          ; Off                ; Off                ;
; Ignore GLOBAL Buffers                                                           ; Off                ; Off                ;
; Ignore ROW GLOBAL Buffers                                                       ; Off                ; Off                ;
; Ignore LCELL Buffers                                                            ; Off                ; Off                ;
; Ignore SOFT Buffers                                                             ; On                 ; On                 ;
; Limit AHDL Integers to 32 Bits                                                  ; Off                ; Off                ;
; Optimization Technique                                                          ; Balanced           ; Balanced           ;
; Carry Chain Length                                                              ; 70                 ; 70                 ;
; Auto Carry Chains                                                               ; On                 ; On                 ;
; Auto Open-Drain Pins                                                            ; On                 ; On                 ;
; Perform WYSIWYG Primitive Resynthesis                                           ; Off                ; Off                ;
; Auto ROM Replacement                                                            ; On                 ; On                 ;
; Auto RAM Replacement                                                            ; On                 ; On                 ;
; Auto DSP Block Replacement                                                      ; On                 ; On                 ;
; Auto Shift Register Replacement                                                 ; Auto               ; Auto               ;
; Allow Shift Register Merging across Hierarchies                                 ; Auto               ; Auto               ;
; Auto Clock Enable Replacement                                                   ; On                 ; On                 ;
; Strict RAM Replacement                                                          ; Off                ; Off                ;
; Allow Synchronous Control Signals                                               ; On                 ; On                 ;
; Force Use of Synchronous Clear Signals                                          ; Off                ; Off                ;
; Auto Resource Sharing                                                           ; Off                ; Off                ;
; Allow Any RAM Size For Recognition                                              ; Off                ; Off                ;
; Allow Any ROM Size For Recognition                                              ; Off                ; Off                ;
; Allow Any Shift Register Size For Recognition                                   ; Off                ; Off                ;
; Use LogicLock Constraints during Resource Balancing                             ; On                 ; On                 ;
; Ignore translate_off and synthesis_off directives                               ; Off                ; Off                ;
; Timing-Driven Synthesis                                                         ; On                 ; On                 ;
; Report Parameter Settings                                                       ; On                 ; On                 ;
; Report Source Assignments                                                       ; On                 ; On                 ;
; Report Connectivity Checks                                                      ; On                 ; On                 ;
; Ignore Maximum Fan-Out Assignments                                              ; Off                ; Off                ;
; Synchronization Register Chain Length                                           ; 3                  ; 3                  ;
; Power Optimization During Synthesis                                             ; Normal compilation ; Normal compilation ;
; HDL message level                                                               ; Level2             ; Level2             ;
; Suppress Register Optimization Related Messages                                 ; Off                ; Off                ;
; Number of Removed Registers Reported in Synthesis Report                        ; 5000               ; 5000               ;
; Number of Swept Nodes Reported in Synthesis Report                              ; 5000               ; 5000               ;
; Number of Inverted Registers Reported in Synthesis Report                       ; 100                ; 100                ;
; Clock MUX Protection                                                            ; On                 ; On                 ;
; Auto Gated Clock Conversion                                                     ; Off                ; Off                ;
; Block Design Naming                                                             ; Auto               ; Auto               ;
; SDC constraint protection                                                       ; Off                ; Off                ;
; Synthesis Effort                                                                ; Auto               ; Auto               ;
; Shift Register Replacement - Allow Asynchronous Clear Signal                    ; On                 ; On                 ;
; Pre-Mapping Resynthesis Optimization                                            ; Off                ; Off                ;
; Analysis & Synthesis Message Level                                              ; Medium             ; Medium             ;
; Disable Register Merging Across Hierarchies                                     ; Auto               ; Auto               ;
; Resource Aware Inference For Block RAM                                          ; On                 ; On                 ;
; Automatic Parallel Synthesis                                                    ; On                 ; On                 ;
; Partial Reconfiguration Bitstream ID                                            ; Off                ; Off                ;
+---------------------------------------------------------------------------------+--------------------+--------------------+


+------------------------------------------+
; Parallel Compilation                     ;
+----------------------------+-------------+
; Processors                 ; Number      ;
+----------------------------+-------------+
; Number detected on machine ; 8           ;
; Maximum allowed            ; 4           ;
;                            ;             ;
; Average used               ; 1.00        ;
; Maximum used               ; 1           ;
;                            ;             ;
; Usage by Processor         ; % Time Used ;
;     Processor 1            ; 100.0%      ;
+----------------------------+-------------+


+-------------------------------+
; Analysis & Synthesis Messages ;
+-------------------------------+
Info: *******************************************************************
Info: Running Quartus Prime Analysis & Synthesis
    Info: Version 18.0.0 Build 614 04/24/2018 SJ Lite Edition
    Info: Processing started: Fri Dec 01 15:54:27 2023
Info: Command: quartus_map --read_settings_files=on --write_settings_files=off top_module -c top_module
Warning (18236): Number of processors has not been specified which may cause overloading on shared machines.  Set the global assignment NUM_PARALLEL_PROCESSORS in your QSF to an appropriate value for best performance.
Info (20030): Parallel compilation is enabled and will use 4 of the 4 processors detected
Info (12021): Found 1 design units, including 1 entities, in source file ps2_demo.v
    Info (12023): Found entity 1: PS2_Demo File: C:/Users/chris/Downloads/FPGA_VGA_and_Keyboard/PS2_Demo.v Line: 1
Info (12021): Found 1 design units, including 1 entities, in source file ps2_controller.v
    Info (12023): Found entity 1: PS2_Controller File: C:/Users/chris/Downloads/FPGA_VGA_and_Keyboard/PS2_Controller.v Line: 9
Info (12021): Found 1 design units, including 1 entities, in source file hexadecimal_to_seven_segment.v
    Info (12023): Found entity 1: Hexadecimal_To_Seven_Segment File: C:/Users/chris/Downloads/FPGA_VGA_and_Keyboard/Hexadecimal_To_Seven_Segment.v Line: 9
Info (12021): Found 1 design units, including 1 entities, in source file altera_up_ps2_data_in.v
    Info (12023): Found entity 1: Altera_UP_PS2_Data_In File: C:/Users/chris/Downloads/FPGA_VGA_and_Keyboard/Altera_UP_PS2_Data_In.v Line: 10
Info (12021): Found 1 design units, including 1 entities, in source file altera_up_ps2_command_out.v
    Info (12023): Found entity 1: Altera_UP_PS2_Command_Out File: C:/Users/chris/Downloads/FPGA_VGA_and_Keyboard/Altera_UP_PS2_Command_Out.v Line: 10
Info (12021): Found 1 design units, including 1 entities, in source file vga_pll.v
    Info (12023): Found entity 1: vga_pll File: C:/Users/chris/Downloads/FPGA_VGA_and_Keyboard/vga_pll.v Line: 36
Info (12021): Found 1 design units, including 1 entities, in source file vga_controller.v
    Info (12023): Found entity 1: vga_controller File: C:/Users/chris/Downloads/FPGA_VGA_and_Keyboard/vga_controller.v Line: 9
Info (12021): Found 1 design units, including 1 entities, in source file vga_address_translator.v
    Info (12023): Found entity 1: vga_address_translator File: C:/Users/chris/Downloads/FPGA_VGA_and_Keyboard/vga_address_translator.v Line: 4
Info (12021): Found 1 design units, including 1 entities, in source file vga_adapter.v
    Info (12023): Found entity 1: vga_adapter File: C:/Users/chris/Downloads/FPGA_VGA_and_Keyboard/vga_adapter.v Line: 78
Info (12021): Found 1 design units, including 1 entities, in source file top_module.v
    Info (12023): Found entity 1: top_module File: C:/Users/chris/Downloads/FPGA_VGA_and_Keyboard/top_module.v Line: 1
Warning (10229): Verilog HDL Expression warning at vga_plot.v(118): truncated literal to match 3 bits File: C:/Users/chris/Downloads/FPGA_VGA_and_Keyboard/vga_plot.v Line: 118
Warning (10229): Verilog HDL Expression warning at vga_plot.v(119): truncated literal to match 3 bits File: C:/Users/chris/Downloads/FPGA_VGA_and_Keyboard/vga_plot.v Line: 119
Info (12021): Found 1 design units, including 1 entities, in source file vga_plot.v
    Info (12023): Found entity 1: vga_plot File: C:/Users/chris/Downloads/FPGA_VGA_and_Keyboard/vga_plot.v Line: 1
Info (12127): Elaborating entity "top_module" for the top level hierarchy
Info (12128): Elaborating entity "vga_adapter" for hierarchy "vga_adapter:VGA" File: C:/Users/chris/Downloads/FPGA_VGA_and_Keyboard/top_module.v Line: 82
Info (12128): Elaborating entity "vga_address_translator" for hierarchy "vga_adapter:VGA|vga_address_translator:user_input_translator" File: C:/Users/chris/Downloads/FPGA_VGA_and_Keyboard/vga_adapter.v Line: 192
Info (12128): Elaborating entity "altsyncram" for hierarchy "vga_adapter:VGA|altsyncram:VideoMemory" File: C:/Users/chris/Downloads/FPGA_VGA_and_Keyboard/vga_adapter.v Line: 213
Info (12130): Elaborated megafunction instantiation "vga_adapter:VGA|altsyncram:VideoMemory" File: C:/Users/chris/Downloads/FPGA_VGA_and_Keyboard/vga_adapter.v Line: 213
Info (12133): Instantiated megafunction "vga_adapter:VGA|altsyncram:VideoMemory" with the following parameter: File: C:/Users/chris/Downloads/FPGA_VGA_and_Keyboard/vga_adapter.v Line: 213
    Info (12134): Parameter "WIDTH_A" = "12"
    Info (12134): Parameter "WIDTH_B" = "12"
    Info (12134): Parameter "INTENDED_DEVICE_FAMILY" = "Cyclone II"
    Info (12134): Parameter "OPERATION_MODE" = "DUAL_PORT"
    Info (12134): Parameter "WIDTHAD_A" = "15"
    Info (12134): Parameter "NUMWORDS_A" = "19200"
    Info (12134): Parameter "WIDTHAD_B" = "15"
    Info (12134): Parameter "NUMWORDS_B" = "19200"
    Info (12134): Parameter "OUTDATA_REG_B" = "CLOCK1"
    Info (12134): Parameter "ADDRESS_REG_B" = "CLOCK1"
    Info (12134): Parameter "CLOCK_ENABLE_INPUT_A" = "BYPASS"
    Info (12134): Parameter "CLOCK_ENABLE_INPUT_B" = "BYPASS"
    Info (12134): Parameter "CLOCK_ENABLE_OUTPUT_B" = "BYPASS"
    Info (12134): Parameter "POWER_UP_UNINITIALIZED" = "FALSE"
    Info (12134): Parameter "INIT_FILE" = "AMP_BACKGROUND.mif"
Info (12021): Found 1 design units, including 1 entities, in source file db/altsyncram_m7n1.tdf
    Info (12023): Found entity 1: altsyncram_m7n1 File: C:/Users/chris/Downloads/FPGA_VGA_and_Keyboard/db/altsyncram_m7n1.tdf Line: 33
Info (12128): Elaborating entity "altsyncram_m7n1" for hierarchy "vga_adapter:VGA|altsyncram:VideoMemory|altsyncram_m7n1:auto_generated" File: c:/intelfpga_lite/18.0/quartus/libraries/megafunctions/altsyncram.tdf Line: 791
Info (12021): Found 1 design units, including 1 entities, in source file db/decode_7la.tdf
    Info (12023): Found entity 1: decode_7la File: C:/Users/chris/Downloads/FPGA_VGA_and_Keyboard/db/decode_7la.tdf Line: 22
Info (12128): Elaborating entity "decode_7la" for hierarchy "vga_adapter:VGA|altsyncram:VideoMemory|altsyncram_m7n1:auto_generated|decode_7la:decode2" File: C:/Users/chris/Downloads/FPGA_VGA_and_Keyboard/db/altsyncram_m7n1.tdf Line: 46
Info (12021): Found 1 design units, including 1 entities, in source file db/decode_01a.tdf
    Info (12023): Found entity 1: decode_01a File: C:/Users/chris/Downloads/FPGA_VGA_and_Keyboard/db/decode_01a.tdf Line: 22
Info (12128): Elaborating entity "decode_01a" for hierarchy "vga_adapter:VGA|altsyncram:VideoMemory|altsyncram_m7n1:auto_generated|decode_01a:rden_decode_b" File: C:/Users/chris/Downloads/FPGA_VGA_and_Keyboard/db/altsyncram_m7n1.tdf Line: 47
Info (12021): Found 1 design units, including 1 entities, in source file db/mux_2hb.tdf
    Info (12023): Found entity 1: mux_2hb File: C:/Users/chris/Downloads/FPGA_VGA_and_Keyboard/db/mux_2hb.tdf Line: 22
Info (12128): Elaborating entity "mux_2hb" for hierarchy "vga_adapter:VGA|altsyncram:VideoMemory|altsyncram_m7n1:auto_generated|mux_2hb:mux3" File: C:/Users/chris/Downloads/FPGA_VGA_and_Keyboard/db/altsyncram_m7n1.tdf Line: 49
Info (12128): Elaborating entity "vga_pll" for hierarchy "vga_adapter:VGA|vga_pll:mypll" File: C:/Users/chris/Downloads/FPGA_VGA_and_Keyboard/vga_adapter.v Line: 231
Info (12128): Elaborating entity "altpll" for hierarchy "vga_adapter:VGA|vga_pll:mypll|altpll:altpll_component" File: C:/Users/chris/Downloads/FPGA_VGA_and_Keyboard/vga_pll.v Line: 53
Info (12130): Elaborated megafunction instantiation "vga_adapter:VGA|vga_pll:mypll|altpll:altpll_component" File: C:/Users/chris/Downloads/FPGA_VGA_and_Keyboard/vga_pll.v Line: 53
Info (12133): Instantiated megafunction "vga_adapter:VGA|vga_pll:mypll|altpll:altpll_component" with the following parameter: File: C:/Users/chris/Downloads/FPGA_VGA_and_Keyboard/vga_pll.v Line: 53
    Info (12134): Parameter "operation_mode" = "NORMAL"
    Info (12134): Parameter "intended_device_family" = "Cyclone II"
    Info (12134): Parameter "lpm_type" = "altpll"
    Info (12134): Parameter "pll_type" = "FAST"
    Info (12134): Parameter "inclk0_input_frequency" = "20000"
    Info (12134): Parameter "primary_clock" = "INCLK0"
    Info (12134): Parameter "compensate_clock" = "CLK0"
    Info (12134): Parameter "clk0_phase_shift" = "0"
    Info (12134): Parameter "clk0_divide_by" = "2"
    Info (12134): Parameter "clk0_multiply_by" = "1"
    Info (12134): Parameter "clk0_duty_cycle" = "50"
Info (12021): Found 1 design units, including 1 entities, in source file db/altpll_80u.tdf
    Info (12023): Found entity 1: altpll_80u File: C:/Users/chris/Downloads/FPGA_VGA_and_Keyboard/db/altpll_80u.tdf Line: 25
Info (12128): Elaborating entity "altpll_80u" for hierarchy "vga_adapter:VGA|vga_pll:mypll|altpll:altpll_component|altpll_80u:auto_generated" File: c:/intelfpga_lite/18.0/quartus/libraries/megafunctions/altpll.tdf Line: 897
Info (12128): Elaborating entity "vga_controller" for hierarchy "vga_adapter:VGA|vga_controller:controller" File: C:/Users/chris/Downloads/FPGA_VGA_and_Keyboard/vga_adapter.v Line: 262
Info (12128): Elaborating entity "vga_plot" for hierarchy "vga_plot:VGAOutput" File: C:/Users/chris/Downloads/FPGA_VGA_and_Keyboard/top_module.v Line: 108
Warning (10230): Verilog HDL assignment warning at vga_plot.v(72): truncated value with size 7 to match size of target (3) File: C:/Users/chris/Downloads/FPGA_VGA_and_Keyboard/vga_plot.v Line: 72
Warning (10230): Verilog HDL assignment warning at vga_plot.v(83): truncated value with size 8 to match size of target (5) File: C:/Users/chris/Downloads/FPGA_VGA_and_Keyboard/vga_plot.v Line: 83
Warning (10230): Verilog HDL assignment warning at vga_plot.v(84): truncated value with size 7 to match size of target (3) File: C:/Users/chris/Downloads/FPGA_VGA_and_Keyboard/vga_plot.v Line: 84
Warning (10230): Verilog HDL assignment warning at vga_plot.v(95): truncated value with size 8 to match size of target (5) File: C:/Users/chris/Downloads/FPGA_VGA_and_Keyboard/vga_plot.v Line: 95
Warning (10230): Verilog HDL assignment warning at vga_plot.v(96): truncated value with size 7 to match size of target (3) File: C:/Users/chris/Downloads/FPGA_VGA_and_Keyboard/vga_plot.v Line: 96
Warning (10240): Verilog HDL Always Construct warning at vga_plot.v(117): inferring latch(es) for variable "BoxDoneX", which holds its previous value in one or more paths through the always construct File: C:/Users/chris/Downloads/FPGA_VGA_and_Keyboard/vga_plot.v Line: 117
Warning (10240): Verilog HDL Always Construct warning at vga_plot.v(117): inferring latch(es) for variable "BoxDoneY", which holds its previous value in one or more paths through the always construct File: C:/Users/chris/Downloads/FPGA_VGA_and_Keyboard/vga_plot.v Line: 117
Warning (10240): Verilog HDL Always Construct warning at vga_plot.v(117): inferring latch(es) for variable "BoxDone", which holds its previous value in one or more paths through the always construct File: C:/Users/chris/Downloads/FPGA_VGA_and_Keyboard/vga_plot.v Line: 117
Info (10041): Inferred latch for "BoxDone" at vga_plot.v(117) File: C:/Users/chris/Downloads/FPGA_VGA_and_Keyboard/vga_plot.v Line: 117
Info (10041): Inferred latch for "BoxDoneY" at vga_plot.v(117) File: C:/Users/chris/Downloads/FPGA_VGA_and_Keyboard/vga_plot.v Line: 117
Info (10041): Inferred latch for "BoxDoneX" at vga_plot.v(117) File: C:/Users/chris/Downloads/FPGA_VGA_and_Keyboard/vga_plot.v Line: 117
Error (10028): Can't resolve multiple constant drivers for net "Resetting" at vga_plot.v(58) File: C:/Users/chris/Downloads/FPGA_VGA_and_Keyboard/vga_plot.v Line: 58
Error (10029): Constant driver at vga_plot.v(51) File: C:/Users/chris/Downloads/FPGA_VGA_and_Keyboard/vga_plot.v Line: 51
Error (12152): Can't elaborate user hierarchy "vga_plot:VGAOutput" File: C:/Users/chris/Downloads/FPGA_VGA_and_Keyboard/top_module.v Line: 108
Info (144001): Generated suppressed messages file C:/Users/chris/Downloads/FPGA_VGA_and_Keyboard/output_files/top_module.map.smsg
Error: Quartus Prime Analysis & Synthesis was unsuccessful. 3 errors, 11 warnings
    Error: Peak virtual memory: 4794 megabytes
    Error: Processing ended: Fri Dec 01 15:54:43 2023
    Error: Elapsed time: 00:00:16
    Error: Total CPU time (on all processors): 00:00:12


+------------------------------------------+
; Analysis & Synthesis Suppressed Messages ;
+------------------------------------------+
The suppressed messages can be found in C:/Users/chris/Downloads/FPGA_VGA_and_Keyboard/output_files/top_module.map.smsg.


